2026-01-11 16:12:11,463 - werkzeug - INFO - [31m[1mWARNING: This is a development server. Do not use it in a production deployment. Use a production WSGI server instead.[0m
 * Running on http://127.0.0.1:5000
2026-01-11 16:12:11,463 - werkzeug - INFO - [33mPress CTRL+C to quit[0m
2026-01-11 16:12:11,464 - werkzeug - INFO -  * Restarting with stat
2026-01-11 16:12:11,894 - werkzeug - WARNING -  * Debugger is active!
2026-01-11 16:12:11,902 - werkzeug - INFO -  * Debugger PIN: 140-176-331
2026-01-11 16:12:31,241 - werkzeug - INFO - 127.0.0.1 - - [11/Jan/2026 16:12:31] "[33mGET / HTTP/1.1[0m" 404 -
2026-01-11 16:12:31,243 - __main__ - INFO - Starting update for country_risk_premium
2026-01-11 16:12:31,243 - data_helper - INFO - Fetching data from https://pages.stern.nyu.edu/~adamodar/New_Home_Page/datafile/ctryprem.html
2026-01-11 16:12:33,032 - __main__ - ERROR - Error cleaning data for country_risk_premium: Unexpected number of columns. Expected 6, got 8
2026-01-11 16:12:33,032 - werkzeug - INFO - 127.0.0.1 - - [11/Jan/2026 16:12:33] "[31m[1mGET /update_country_risk_premium HTTP/1.1[0m" 400 -
2026-01-11 16:12:34,038 - __main__ - INFO - Starting update for effective_tax_rate
2026-01-11 16:12:34,038 - data_helper - INFO - Fetching data from https://pages.stern.nyu.edu/~adamodar/New_Home_Page/datafile/taxrate.html
2026-01-11 16:12:35,359 - data_helper - INFO - Getting last update from https://pages.stern.nyu.edu/~adamodar/New_Home_Page/datafile/taxrate.html
2026-01-11 16:12:36,754 - __main__ - INFO - Updating effective_tax_rate - new data available
2026-01-11 16:12:37,098 - __main__ - INFO - Successfully updated effective_tax_rate
2026-01-11 16:12:37,098 - werkzeug - INFO - 127.0.0.1 - - [11/Jan/2026 16:12:37] "GET /update_effective_tax_rate HTTP/1.1" 200 -
2026-01-11 16:12:38,104 - __main__ - INFO - Starting update for sales_to_cap_us
2026-01-11 16:12:38,104 - data_helper - INFO - Fetching data from https://pages.stern.nyu.edu/~adamodar/New_Home_Page/datafile/capex.html
2026-01-11 16:12:39,883 - data_helper - INFO - Getting last update from https://pages.stern.nyu.edu/~adamodar/New_Home_Page/datafile/capex.html
2026-01-11 16:12:41,655 - __main__ - INFO - Updating sales_to_cap_us - new data available
2026-01-11 16:12:41,997 - __main__ - INFO - Successfully updated sales_to_cap_us
2026-01-11 16:12:41,998 - werkzeug - INFO - 127.0.0.1 - - [11/Jan/2026 16:12:41] "GET /update_sales_to_cap_us HTTP/1.1" 200 -
2026-01-11 16:12:43,003 - __main__ - INFO - Starting update for beta_us
2026-01-11 16:12:43,003 - data_helper - INFO - Fetching data from https://pages.stern.nyu.edu/~adamodar/New_Home_Page/datafile/totalbeta.html
2026-01-11 16:12:44,300 - data_helper - INFO - Getting last update from https://pages.stern.nyu.edu/~adamodar/New_Home_Page/datafile/totalbeta.html
2026-01-11 16:12:45,678 - __main__ - INFO - Updating beta_us - new data available
2026-01-11 16:12:46,012 - __main__ - INFO - Successfully updated beta_us
2026-01-11 16:12:46,013 - werkzeug - INFO - 127.0.0.1 - - [11/Jan/2026 16:12:46] "GET /update_beta_us HTTP/1.1" 200 -
2026-01-11 16:12:47,018 - __main__ - INFO - Starting update for pe_ratio_us
2026-01-11 16:12:47,018 - data_helper - INFO - Fetching data from https://pages.stern.nyu.edu/~adamodar/New_Home_Page/datafile/pedata.html
2026-01-11 16:12:50,158 - data_helper - INFO - Getting last update from https://pages.stern.nyu.edu/~adamodar/New_Home_Page/datafile/pedata.html
2026-01-11 16:12:51,700 - __main__ - INFO - Updating pe_ratio_us - new data available
2026-01-11 16:12:52,025 - __main__ - INFO - Successfully updated pe_ratio_us
2026-01-11 16:12:52,026 - werkzeug - INFO - 127.0.0.1 - - [11/Jan/2026 16:12:52] "GET /update_pe_ratio_us HTTP/1.1" 200 -
2026-01-11 16:12:53,033 - __main__ - INFO - Starting update for rev_growth_rate
2026-01-11 16:12:53,033 - data_helper - INFO - Fetching data from https://pages.stern.nyu.edu/~adamodar/New_Home_Page/datafile/histgr.html
2026-01-11 16:12:54,527 - data_helper - INFO - Getting last update from https://pages.stern.nyu.edu/~adamodar/New_Home_Page/datafile/histgr.html
2026-01-11 16:12:56,108 - __main__ - INFO - Updating rev_growth_rate - new data available
2026-01-11 16:12:56,445 - __main__ - INFO - Successfully updated rev_growth_rate
2026-01-11 16:12:56,446 - werkzeug - INFO - 127.0.0.1 - - [11/Jan/2026 16:12:56] "GET /update_rev_growth_rate HTTP/1.1" 200 -
2026-01-11 16:12:57,448 - __main__ - INFO - Starting update for ebit_growth
2026-01-11 16:12:57,448 - data_helper - INFO - Fetching data from https://pages.stern.nyu.edu/~adamodar/New_Home_Page/datafile/fundgrEB.html
2026-01-11 16:12:58,708 - data_helper - INFO - Getting last update from https://pages.stern.nyu.edu/~adamodar/New_Home_Page/datafile/fundgrEB.html
2026-01-11 16:13:00,008 - __main__ - INFO - Updating ebit_growth - new data available
2026-01-11 16:13:00,353 - __main__ - INFO - Successfully updated ebit_growth
2026-01-11 16:13:00,354 - werkzeug - INFO - 127.0.0.1 - - [11/Jan/2026 16:13:00] "GET /update_ebit_growth HTTP/1.1" 200 -
2026-01-11 16:13:01,359 - __main__ - INFO - Starting update for default_spread
2026-01-11 16:13:01,359 - data_helper - INFO - Fetching data from https://pages.stern.nyu.edu/~adamodar/New_Home_Page/datafile/ratings.html
2026-01-11 16:13:02,369 - __main__ - ERROR - Error cleaning data for default_spread: unsupported operand type(s) for +: 'NoneType' and 'int'
2026-01-11 16:13:02,369 - werkzeug - INFO - 127.0.0.1 - - [11/Jan/2026 16:13:02] "[31m[1mGET /update_default_spread HTTP/1.1[0m" 400 -
2026-01-11 16:13:03,376 - __main__ - INFO - Starting update for roic
2026-01-11 16:13:03,376 - data_helper - INFO - Fetching data from https://pages.stern.nyu.edu/~adamodar/New_Home_Page/datafile/fundgrEB.html
2026-01-11 16:13:04,656 - data_helper - INFO - Getting last update from https://pages.stern.nyu.edu/~adamodar/New_Home_Page/datafile/fundgrEB.html
2026-01-11 16:13:06,168 - __main__ - INFO - Updating roic - new data available
2026-01-11 16:13:06,516 - __main__ - INFO - Successfully updated roic
2026-01-11 16:13:06,516 - werkzeug - INFO - 127.0.0.1 - - [11/Jan/2026 16:13:06] "GET /update_roic HTTP/1.1" 200 -
2026-01-11 16:16:26,095 - werkzeug - INFO -  * Detected change in '/Users/victor/Documents/stockinsight_main/stockinsight_yfinance/data_helper.py', reloading
2026-01-11 16:16:26,184 - werkzeug - INFO -  * Restarting with stat
2026-01-11 16:16:26,686 - werkzeug - WARNING -  * Debugger is active!
2026-01-11 16:16:26,695 - werkzeug - INFO -  * Debugger PIN: 140-176-331
2026-01-11 16:17:12,086 - werkzeug - INFO -  * Detected change in '/Users/victor/Documents/stockinsight_main/stockinsight_yfinance/app.py', reloading
2026-01-11 16:17:12,190 - werkzeug - INFO -  * Restarting with stat
2026-01-11 16:17:12,678 - werkzeug - WARNING -  * Debugger is active!
2026-01-11 16:17:12,686 - werkzeug - INFO -  * Debugger PIN: 140-176-331
2026-01-11 16:18:19,250 - werkzeug - INFO -  * Detected change in '/Users/victor/Documents/stockinsight_main/stockinsight_yfinance/data_helper.py', reloading
2026-01-11 16:18:19,344 - werkzeug - INFO -  * Restarting with stat
2026-01-11 16:18:19,808 - werkzeug - WARNING -  * Debugger is active!
2026-01-11 16:18:19,817 - werkzeug - INFO -  * Debugger PIN: 140-176-331
2026-01-11 16:18:28,572 - werkzeug - INFO - 127.0.0.1 - - [11/Jan/2026 16:18:28] "[33mGET / HTTP/1.1[0m" 404 -
2026-01-11 16:18:28,574 - __main__ - INFO - Starting update for country_risk_premium
2026-01-11 16:18:28,574 - data_helper - INFO - Fetching data from https://pages.stern.nyu.edu/~adamodar/New_Home_Page/datafile/ctryprem.html
2026-01-11 16:18:30,143 - data_helper - INFO - Getting last update from https://pages.stern.nyu.edu/~adamodar/New_Home_Page/datafile/ctryprem.html
2026-01-11 16:18:31,762 - __main__ - INFO - Updating country_risk_premium - new data available
2026-01-11 16:18:31,801 - __main__ - INFO - Successfully updated country_risk_premium
2026-01-11 16:18:31,801 - werkzeug - INFO - 127.0.0.1 - - [11/Jan/2026 16:18:31] "GET /update_country_risk_premium HTTP/1.1" 200 -
2026-01-11 16:18:32,807 - __main__ - INFO - Starting update for effective_tax_rate
2026-01-11 16:18:32,807 - data_helper - INFO - Fetching data from https://pages.stern.nyu.edu/~adamodar/New_Home_Page/datafile/taxrate.html
2026-01-11 16:18:34,095 - data_helper - INFO - Getting last update from https://pages.stern.nyu.edu/~adamodar/New_Home_Page/datafile/taxrate.html
2026-01-11 16:18:35,460 - __main__ - INFO - No update needed for effective_tax_rate - data is current
2026-01-11 16:18:35,460 - werkzeug - INFO - 127.0.0.1 - - [11/Jan/2026 16:18:35] "GET /update_effective_tax_rate HTTP/1.1" 200 -
2026-01-11 16:18:36,465 - __main__ - INFO - Starting update for sales_to_cap_us
2026-01-11 16:18:36,466 - data_helper - INFO - Fetching data from https://pages.stern.nyu.edu/~adamodar/New_Home_Page/datafile/capex.html
2026-01-11 16:18:39,545 - data_helper - INFO - Getting last update from https://pages.stern.nyu.edu/~adamodar/New_Home_Page/datafile/capex.html
2026-01-11 16:18:41,394 - __main__ - INFO - No update needed for sales_to_cap_us - data is current
2026-01-11 16:18:41,394 - werkzeug - INFO - 127.0.0.1 - - [11/Jan/2026 16:18:41] "GET /update_sales_to_cap_us HTTP/1.1" 200 -
2026-01-11 16:18:42,399 - __main__ - INFO - Starting update for beta_us
2026-01-11 16:18:42,399 - data_helper - INFO - Fetching data from https://pages.stern.nyu.edu/~adamodar/New_Home_Page/datafile/totalbeta.html
2026-01-11 16:18:43,903 - data_helper - INFO - Getting last update from https://pages.stern.nyu.edu/~adamodar/New_Home_Page/datafile/totalbeta.html
2026-01-11 16:18:45,250 - __main__ - INFO - No update needed for beta_us - data is current
2026-01-11 16:18:45,250 - werkzeug - INFO - 127.0.0.1 - - [11/Jan/2026 16:18:45] "GET /update_beta_us HTTP/1.1" 200 -
2026-01-11 16:18:46,254 - __main__ - INFO - Starting update for pe_ratio_us
2026-01-11 16:18:46,254 - data_helper - INFO - Fetching data from https://pages.stern.nyu.edu/~adamodar/New_Home_Page/datafile/pedata.html
2026-01-11 16:18:49,345 - data_helper - INFO - Getting last update from https://pages.stern.nyu.edu/~adamodar/New_Home_Page/datafile/pedata.html
2026-01-11 16:18:52,924 - __main__ - INFO - No update needed for pe_ratio_us - data is current
2026-01-11 16:18:52,924 - werkzeug - INFO - 127.0.0.1 - - [11/Jan/2026 16:18:52] "GET /update_pe_ratio_us HTTP/1.1" 200 -
2026-01-11 16:18:53,930 - __main__ - INFO - Starting update for rev_growth_rate
2026-01-11 16:18:53,930 - data_helper - INFO - Fetching data from https://pages.stern.nyu.edu/~adamodar/New_Home_Page/datafile/histgr.html
2026-01-11 16:18:56,690 - data_helper - INFO - Getting last update from https://pages.stern.nyu.edu/~adamodar/New_Home_Page/datafile/histgr.html
2026-01-11 16:18:58,233 - __main__ - INFO - No update needed for rev_growth_rate - data is current
2026-01-11 16:18:58,233 - werkzeug - INFO - 127.0.0.1 - - [11/Jan/2026 16:18:58] "GET /update_rev_growth_rate HTTP/1.1" 200 -
2026-01-11 16:18:59,238 - __main__ - INFO - Starting update for ebit_growth
2026-01-11 16:18:59,238 - data_helper - INFO - Fetching data from https://pages.stern.nyu.edu/~adamodar/New_Home_Page/datafile/fundgrEB.html
2026-01-11 16:19:01,542 - data_helper - INFO - Getting last update from https://pages.stern.nyu.edu/~adamodar/New_Home_Page/datafile/fundgrEB.html
2026-01-11 16:19:02,860 - __main__ - INFO - No update needed for ebit_growth - data is current
2026-01-11 16:19:02,861 - werkzeug - INFO - 127.0.0.1 - - [11/Jan/2026 16:19:02] "GET /update_ebit_growth HTTP/1.1" 200 -
2026-01-11 16:19:03,866 - __main__ - INFO - Starting update for default_spread
2026-01-11 16:19:03,866 - data_helper - INFO - Fetching data from https://pages.stern.nyu.edu/~adamodar/New_Home_Page/datafile/ratings.html
2026-01-11 16:19:04,905 - __main__ - INFO - Updating default_spread - new data available
2026-01-11 16:19:05,052 - __main__ - INFO - Successfully updated default_spread
2026-01-11 16:19:05,052 - werkzeug - INFO - 127.0.0.1 - - [11/Jan/2026 16:19:05] "GET /update_default_spread HTTP/1.1" 200 -
2026-01-11 16:19:06,058 - __main__ - INFO - Starting update for roic
2026-01-11 16:19:06,058 - data_helper - INFO - Fetching data from https://pages.stern.nyu.edu/~adamodar/New_Home_Page/datafile/fundgrEB.html
2026-01-11 16:19:07,326 - data_helper - INFO - Getting last update from https://pages.stern.nyu.edu/~adamodar/New_Home_Page/datafile/fundgrEB.html
2026-01-11 16:19:08,851 - __main__ - INFO - No update needed for roic - data is current
2026-01-11 16:19:08,852 - werkzeug - INFO - 127.0.0.1 - - [11/Jan/2026 16:19:08] "GET /update_roic HTTP/1.1" 200 -
2026-01-11 16:19:52,530 - __main__ - INFO - Starting update for country_risk_premium
2026-01-11 16:19:52,531 - data_helper - INFO - Fetching data from https://pages.stern.nyu.edu/~adamodar/New_Home_Page/datafile/ctryprem.html
2026-01-11 16:19:54,115 - data_helper - INFO - Getting last update from https://pages.stern.nyu.edu/~adamodar/New_Home_Page/datafile/ctryprem.html
2026-01-11 16:19:55,718 - __main__ - INFO - No update needed for country_risk_premium - data is current
2026-01-11 16:19:55,719 - werkzeug - INFO - 127.0.0.1 - - [11/Jan/2026 16:19:55] "GET /update_country_risk_premium HTTP/1.1" 200 -
2026-01-11 16:20:00,633 - __main__ - INFO - Starting update for country_risk_premium
2026-01-11 16:20:00,634 - data_helper - INFO - Fetching data from https://pages.stern.nyu.edu/~adamodar/New_Home_Page/datafile/ctryprem.html
2026-01-11 16:20:02,961 - data_helper - INFO - Getting last update from https://pages.stern.nyu.edu/~adamodar/New_Home_Page/datafile/ctryprem.html
2026-01-11 16:20:05,434 - __main__ - INFO - Updating country_risk_premium - new data available
2026-01-11 16:20:06,053 - __main__ - INFO - Successfully updated country_risk_premium
2026-01-11 16:20:06,053 - werkzeug - INFO - 127.0.0.1 - - [11/Jan/2026 16:20:06] "GET /update_country_risk_premium HTTP/1.1" 200 -
2026-01-11 16:20:19,840 - werkzeug - INFO -  * Detected change in '/Users/victor/Documents/stockinsight_main/stockinsight_yfinance/create_table.py', reloading
2026-01-11 16:20:19,962 - werkzeug - INFO -  * Restarting with stat
2026-01-11 16:20:20,421 - werkzeug - WARNING -  * Debugger is active!
2026-01-11 16:20:20,429 - werkzeug - INFO -  * Debugger PIN: 140-176-331
2026-01-11 16:20:29,181 - werkzeug - INFO - 127.0.0.1 - - [11/Jan/2026 16:20:29] "[33mGET / HTTP/1.1[0m" 404 -
2026-01-11 16:20:29,182 - __main__ - INFO - Starting update for country_risk_premium
2026-01-11 16:20:29,183 - data_helper - INFO - Fetching data from https://pages.stern.nyu.edu/~adamodar/New_Home_Page/datafile/ctryprem.html
2026-01-11 16:20:30,748 - data_helper - INFO - Getting last update from https://pages.stern.nyu.edu/~adamodar/New_Home_Page/datafile/ctryprem.html
2026-01-11 16:20:32,356 - __main__ - INFO - No update needed for country_risk_premium - data is current
2026-01-11 16:20:32,357 - werkzeug - INFO - 127.0.0.1 - - [11/Jan/2026 16:20:32] "GET /update_country_risk_premium HTTP/1.1" 200 -
2026-01-11 16:20:33,363 - __main__ - INFO - Starting update for effective_tax_rate
2026-01-11 16:20:33,364 - data_helper - INFO - Fetching data from https://pages.stern.nyu.edu/~adamodar/New_Home_Page/datafile/taxrate.html
2026-01-11 16:20:34,542 - werkzeug - INFO - 127.0.0.1 - - [11/Jan/2026 16:20:34] "[33mGET / HTTP/1.1[0m" 404 -
2026-01-11 16:20:34,544 - __main__ - INFO - Starting update for country_risk_premium
2026-01-11 16:20:34,544 - data_helper - INFO - Fetching data from https://pages.stern.nyu.edu/~adamodar/New_Home_Page/datafile/ctryprem.html
2026-01-11 16:20:34,657 - data_helper - INFO - Getting last update from https://pages.stern.nyu.edu/~adamodar/New_Home_Page/datafile/taxrate.html
2026-01-11 16:20:35,983 - __main__ - INFO - No update needed for effective_tax_rate - data is current
2026-01-11 16:20:35,984 - werkzeug - INFO - 127.0.0.1 - - [11/Jan/2026 16:20:35] "GET /update_effective_tax_rate HTTP/1.1" 200 -
2026-01-11 16:20:36,049 - data_helper - INFO - Getting last update from https://pages.stern.nyu.edu/~adamodar/New_Home_Page/datafile/ctryprem.html
2026-01-11 16:20:36,989 - __main__ - INFO - Starting update for sales_to_cap_us
2026-01-11 16:20:36,989 - data_helper - INFO - Fetching data from https://pages.stern.nyu.edu/~adamodar/New_Home_Page/datafile/capex.html
2026-01-11 16:20:37,633 - __main__ - INFO - No update needed for country_risk_premium - data is current
2026-01-11 16:20:37,633 - werkzeug - INFO - 127.0.0.1 - - [11/Jan/2026 16:20:37] "GET /update_country_risk_premium HTTP/1.1" 200 -
2026-01-11 16:20:38,639 - __main__ - INFO - Starting update for effective_tax_rate
2026-01-11 16:20:38,639 - data_helper - INFO - Fetching data from https://pages.stern.nyu.edu/~adamodar/New_Home_Page/datafile/taxrate.html
2026-01-11 16:20:38,736 - data_helper - INFO - Getting last update from https://pages.stern.nyu.edu/~adamodar/New_Home_Page/datafile/capex.html
2026-01-11 16:20:39,980 - data_helper - INFO - Getting last update from https://pages.stern.nyu.edu/~adamodar/New_Home_Page/datafile/taxrate.html
2026-01-11 16:20:40,275 - __main__ - INFO - No update needed for sales_to_cap_us - data is current
2026-01-11 16:20:40,275 - werkzeug - INFO - 127.0.0.1 - - [11/Jan/2026 16:20:40] "GET /update_sales_to_cap_us HTTP/1.1" 200 -
2026-01-11 16:20:41,298 - __main__ - INFO - Starting update for beta_us
2026-01-11 16:20:41,298 - data_helper - INFO - Fetching data from https://pages.stern.nyu.edu/~adamodar/New_Home_Page/datafile/totalbeta.html
2026-01-11 16:20:41,336 - __main__ - INFO - No update needed for effective_tax_rate - data is current
2026-01-11 16:20:41,336 - werkzeug - INFO - 127.0.0.1 - - [11/Jan/2026 16:20:41] "GET /update_effective_tax_rate HTTP/1.1" 200 -
2026-01-11 16:20:42,343 - __main__ - INFO - Starting update for sales_to_cap_us
2026-01-11 16:20:42,343 - data_helper - INFO - Fetching data from https://pages.stern.nyu.edu/~adamodar/New_Home_Page/datafile/capex.html
2026-01-11 16:20:42,625 - data_helper - INFO - Getting last update from https://pages.stern.nyu.edu/~adamodar/New_Home_Page/datafile/totalbeta.html
2026-01-11 16:20:43,908 - data_helper - INFO - Getting last update from https://pages.stern.nyu.edu/~adamodar/New_Home_Page/datafile/capex.html
2026-01-11 16:20:44,211 - __main__ - INFO - No update needed for beta_us - data is current
2026-01-11 16:20:44,212 - werkzeug - INFO - 127.0.0.1 - - [11/Jan/2026 16:20:44] "GET /update_beta_us HTTP/1.1" 200 -
2026-01-11 16:20:45,217 - __main__ - INFO - Starting update for pe_ratio_us
2026-01-11 16:20:45,217 - data_helper - INFO - Fetching data from https://pages.stern.nyu.edu/~adamodar/New_Home_Page/datafile/pedata.html
2026-01-11 16:20:45,462 - __main__ - INFO - No update needed for sales_to_cap_us - data is current
2026-01-11 16:20:45,462 - werkzeug - INFO - 127.0.0.1 - - [11/Jan/2026 16:20:45] "GET /update_sales_to_cap_us HTTP/1.1" 200 -
2026-01-11 16:20:46,466 - __main__ - INFO - Starting update for beta_us
2026-01-11 16:20:46,466 - data_helper - INFO - Fetching data from https://pages.stern.nyu.edu/~adamodar/New_Home_Page/datafile/totalbeta.html
2026-01-11 16:20:46,797 - data_helper - INFO - Getting last update from https://pages.stern.nyu.edu/~adamodar/New_Home_Page/datafile/pedata.html
2026-01-11 16:20:47,971 - data_helper - INFO - Getting last update from https://pages.stern.nyu.edu/~adamodar/New_Home_Page/datafile/totalbeta.html
2026-01-11 16:20:49,563 - __main__ - INFO - No update needed for beta_us - data is current
2026-01-11 16:20:49,564 - werkzeug - INFO - 127.0.0.1 - - [11/Jan/2026 16:20:49] "GET /update_beta_us HTTP/1.1" 200 -
2026-01-11 16:20:49,872 - __main__ - INFO - No update needed for pe_ratio_us - data is current
2026-01-11 16:20:49,872 - werkzeug - INFO - 127.0.0.1 - - [11/Jan/2026 16:20:49] "GET /update_pe_ratio_us HTTP/1.1" 200 -
2026-01-11 16:20:50,569 - __main__ - INFO - Starting update for pe_ratio_us
2026-01-11 16:20:50,570 - data_helper - INFO - Fetching data from https://pages.stern.nyu.edu/~adamodar/New_Home_Page/datafile/pedata.html
2026-01-11 16:20:50,877 - __main__ - INFO - Starting update for rev_growth_rate
2026-01-11 16:20:50,877 - data_helper - INFO - Fetching data from https://pages.stern.nyu.edu/~adamodar/New_Home_Page/datafile/histgr.html
2026-01-11 16:20:52,091 - data_helper - INFO - Getting last update from https://pages.stern.nyu.edu/~adamodar/New_Home_Page/datafile/pedata.html
2026-01-11 16:20:52,449 - data_helper - INFO - Getting last update from https://pages.stern.nyu.edu/~adamodar/New_Home_Page/datafile/histgr.html
2026-01-11 16:20:53,842 - __main__ - INFO - No update needed for pe_ratio_us - data is current
2026-01-11 16:20:53,843 - werkzeug - INFO - 127.0.0.1 - - [11/Jan/2026 16:20:53] "GET /update_pe_ratio_us HTTP/1.1" 200 -
2026-01-11 16:20:53,974 - __main__ - INFO - No update needed for rev_growth_rate - data is current
2026-01-11 16:20:53,975 - werkzeug - INFO - 127.0.0.1 - - [11/Jan/2026 16:20:53] "GET /update_rev_growth_rate HTTP/1.1" 200 -
2026-01-11 16:20:54,847 - __main__ - INFO - Starting update for rev_growth_rate
2026-01-11 16:20:54,847 - data_helper - INFO - Fetching data from https://pages.stern.nyu.edu/~adamodar/New_Home_Page/datafile/histgr.html
2026-01-11 16:20:54,979 - __main__ - INFO - Starting update for ebit_growth
2026-01-11 16:20:54,979 - data_helper - INFO - Fetching data from https://pages.stern.nyu.edu/~adamodar/New_Home_Page/datafile/fundgrEB.html
2026-01-11 16:20:56,351 - data_helper - INFO - Getting last update from https://pages.stern.nyu.edu/~adamodar/New_Home_Page/datafile/histgr.html
2026-01-11 16:20:56,476 - data_helper - INFO - Getting last update from https://pages.stern.nyu.edu/~adamodar/New_Home_Page/datafile/fundgrEB.html
2026-01-11 16:20:57,883 - __main__ - INFO - No update needed for rev_growth_rate - data is current
2026-01-11 16:20:57,883 - werkzeug - INFO - 127.0.0.1 - - [11/Jan/2026 16:20:57] "GET /update_rev_growth_rate HTTP/1.1" 200 -
2026-01-11 16:20:57,976 - __main__ - INFO - No update needed for ebit_growth - data is current
2026-01-11 16:20:57,976 - werkzeug - INFO - 127.0.0.1 - - [11/Jan/2026 16:20:57] "GET /update_ebit_growth HTTP/1.1" 200 -
2026-01-11 16:20:58,886 - __main__ - INFO - Starting update for ebit_growth
2026-01-11 16:20:58,886 - data_helper - INFO - Fetching data from https://pages.stern.nyu.edu/~adamodar/New_Home_Page/datafile/fundgrEB.html
2026-01-11 16:20:58,982 - __main__ - INFO - Starting update for default_spread
2026-01-11 16:20:58,983 - data_helper - INFO - Fetching data from https://pages.stern.nyu.edu/~adamodar/New_Home_Page/datafile/ratings.html
2026-01-11 16:21:00,024 - __main__ - INFO - No update needed for default_spread - data is current
2026-01-11 16:21:00,024 - werkzeug - INFO - 127.0.0.1 - - [11/Jan/2026 16:21:00] "GET /update_default_spread HTTP/1.1" 200 -
2026-01-11 16:21:00,196 - data_helper - INFO - Getting last update from https://pages.stern.nyu.edu/~adamodar/New_Home_Page/datafile/fundgrEB.html
2026-01-11 16:21:01,029 - __main__ - INFO - Starting update for roic
2026-01-11 16:21:01,029 - data_helper - INFO - Fetching data from https://pages.stern.nyu.edu/~adamodar/New_Home_Page/datafile/fundgrEB.html
2026-01-11 16:21:01,501 - __main__ - INFO - No update needed for ebit_growth - data is current
2026-01-11 16:21:01,502 - werkzeug - INFO - 127.0.0.1 - - [11/Jan/2026 16:21:01] "GET /update_ebit_growth HTTP/1.1" 200 -
2026-01-11 16:21:02,506 - __main__ - INFO - Starting update for default_spread
2026-01-11 16:21:02,506 - data_helper - INFO - Fetching data from https://pages.stern.nyu.edu/~adamodar/New_Home_Page/datafile/ratings.html
2026-01-11 16:21:03,318 - data_helper - INFO - Getting last update from https://pages.stern.nyu.edu/~adamodar/New_Home_Page/datafile/fundgrEB.html
2026-01-11 16:21:03,599 - __main__ - INFO - No update needed for default_spread - data is current
2026-01-11 16:21:03,600 - werkzeug - INFO - 127.0.0.1 - - [11/Jan/2026 16:21:03] "GET /update_default_spread HTTP/1.1" 200 -
2026-01-11 16:21:04,606 - __main__ - INFO - Starting update for roic
2026-01-11 16:21:04,606 - data_helper - INFO - Fetching data from https://pages.stern.nyu.edu/~adamodar/New_Home_Page/datafile/fundgrEB.html
2026-01-11 16:21:04,855 - __main__ - INFO - No update needed for roic - data is current
2026-01-11 16:21:04,856 - werkzeug - INFO - 127.0.0.1 - - [11/Jan/2026 16:21:04] "GET /update_roic HTTP/1.1" 200 -
2026-01-11 16:21:06,102 - data_helper - INFO - Getting last update from https://pages.stern.nyu.edu/~adamodar/New_Home_Page/datafile/fundgrEB.html
2026-01-11 16:21:07,611 - __main__ - INFO - No update needed for roic - data is current
2026-01-11 16:21:07,611 - werkzeug - INFO - 127.0.0.1 - - [11/Jan/2026 16:21:07] "GET /update_roic HTTP/1.1" 200 -
